0 info it worked if it ends with ok
1 verbose cli [ 'C:\\Program Files\\nodejs\\node.exe',
1 verbose cli   'C:\\Program Files\\nodejs\\node_modules\\npm\\bin\\npm-cli.js',
1 verbose cli   'install',
1 verbose cli   '-',
1 verbose cli   'gulp' ]
2 info using npm@2.15.9
3 info using node@v4.6.0
4 verbose install initial load of E:\medicfastv2\package.json
5 warn package.json pydev@1.0.0 No repository field.
6 warn package.json pydev@1.0.0 No README data
7 verbose installManyTop reading scoped package data from E:\medicfastv2\node_modules\gulp\package.json
8 verbose installManyTop reading scoped package data from E:\medicfastv2\node_modules\gulp-connect\package.json
9 verbose readDependencies loading dependencies from E:\medicfastv2\package.json
10 silly cache add args [ '-', null ]
11 verbose cache add spec -
12 verbose install gulp is installed as 3.9.1
13 silly cache add args [ 'gulp@^3.9.0', null ]
14 verbose cache add spec gulp@^3.9.0
15 silly cache add parsed spec Result {
15 silly cache add   raw: 'gulp@^3.9.0',
15 silly cache add   scope: null,
15 silly cache add   name: 'gulp',
15 silly cache add   rawSpec: '^3.9.0',
15 silly cache add   spec: '>=3.9.0 <4.0.0',
15 silly cache add   type: 'range' }
16 silly addNamed gulp@>=3.9.0 <4.0.0
17 verbose addNamed ">=3.9.0 <4.0.0" is a valid semver range for gulp
18 silly addNameRange { name: 'gulp', range: '>=3.9.0 <4.0.0', hasData: false }
19 silly mapToRegistry name gulp
20 silly mapToRegistry using default registry
21 silly mapToRegistry registry https://registry.npmjs.org/
22 silly mapToRegistry data Result {
22 silly mapToRegistry   raw: 'gulp',
22 silly mapToRegistry   scope: null,
22 silly mapToRegistry   name: 'gulp',
22 silly mapToRegistry   rawSpec: '',
22 silly mapToRegistry   spec: 'latest',
22 silly mapToRegistry   type: 'tag' }
23 silly mapToRegistry uri https://registry.npmjs.org/gulp
24 verbose addNameRange registry:https://registry.npmjs.org/gulp not in flight; fetching
25 silly cache add parsed spec Result {
25 silly cache add   raw: '-',
25 silly cache add   scope: null,
25 silly cache add   name: null,
25 silly cache add   rawSpec: '-',
25 silly cache add   spec: 'E:\\medicfastv2\\-',
25 silly cache add   type: 'local' }
26 error addLocal Could not install E:\medicfastv2\-
27 verbose request uri https://registry.npmjs.org/gulp
28 verbose request no auth needed
29 info attempt registry request try #1 at 07:45:20
30 verbose request id 2582bc9bcabcd98c
31 verbose etag W/"5837f38a-1c8b6"
32 verbose lastModified Fri, 25 Nov 2016 08:17:14 GMT
33 http request GET https://registry.npmjs.org/gulp
34 http 304 https://registry.npmjs.org/gulp
35 verbose headers { date: 'Fri, 25 Nov 2016 12:45:23 GMT',
35 verbose headers   via: '1.1 varnish',
35 verbose headers   'cache-control': 'max-age=300',
35 verbose headers   etag: 'W/"5837f38a-1c8b6"',
35 verbose headers   age: '74',
35 verbose headers   connection: 'keep-alive',
35 verbose headers   'x-served-by': 'cache-iad2140-IAD',
35 verbose headers   'x-cache': 'HIT',
35 verbose headers   'x-cache-hits': '2',
35 verbose headers   'x-timer': 'S1480077923.656537,VS0,VE0',
35 verbose headers   vary: 'Accept-Encoding' }
36 silly get cb [ 304,
36 silly get   { date: 'Fri, 25 Nov 2016 12:45:23 GMT',
36 silly get     via: '1.1 varnish',
36 silly get     'cache-control': 'max-age=300',
36 silly get     etag: 'W/"5837f38a-1c8b6"',
36 silly get     age: '74',
36 silly get     connection: 'keep-alive',
36 silly get     'x-served-by': 'cache-iad2140-IAD',
36 silly get     'x-cache': 'HIT',
36 silly get     'x-cache-hits': '2',
36 silly get     'x-timer': 'S1480077923.656537,VS0,VE0',
36 silly get     vary: 'Accept-Encoding' } ]
37 verbose etag https://registry.npmjs.org/gulp from cache
38 verbose get saving gulp to C:\Users\Alumnos\AppData\Roaming\npm-cache\registry.npmjs.org\gulp\.cache.json
39 verbose correctMkdir C:\Users\Alumnos\AppData\Roaming\npm-cache correctMkdir not in flight; initializing
40 silly addNameRange number 2 { name: 'gulp', range: '>=3.9.0 <4.0.0', hasData: true }
41 silly addNameRange versions [ 'gulp',
41 silly addNameRange   [ '0.0.1',
41 silly addNameRange     '0.0.2',
41 silly addNameRange     '0.0.3',
41 silly addNameRange     '0.0.4',
41 silly addNameRange     '0.0.5',
41 silly addNameRange     '0.0.7',
41 silly addNameRange     '0.0.8',
41 silly addNameRange     '0.0.9',
41 silly addNameRange     '0.1.0',
41 silly addNameRange     '0.2.0',
41 silly addNameRange     '1.0.0',
41 silly addNameRange     '1.1.0',
41 silly addNameRange     '1.2.0',
41 silly addNameRange     '1.2.1',
41 silly addNameRange     '2.0.0',
41 silly addNameRange     '2.0.1',
41 silly addNameRange     '2.1.0',
41 silly addNameRange     '2.2.0',
41 silly addNameRange     '2.3.0',
41 silly addNameRange     '2.4.0',
41 silly addNameRange     '2.4.1',
41 silly addNameRange     '2.6.0',
41 silly addNameRange     '2.6.1',
41 silly addNameRange     '2.7.0',
41 silly addNameRange     '3.0.0',
41 silly addNameRange     '3.1.1',
41 silly addNameRange     '3.1.2',
41 silly addNameRange     '3.1.3',
41 silly addNameRange     '3.1.4',
41 silly addNameRange     '3.2.0',
41 silly addNameRange     '3.2.1',
41 silly addNameRange     '3.2.2',
41 silly addNameRange     '3.2.3',
41 silly addNameRange     '3.2.4',
41 silly addNameRange     '3.2.5',
41 silly addNameRange     '3.3.0',
41 silly addNameRange     '3.3.1',
41 silly addNameRange     '3.3.2',
41 silly addNameRange     '3.3.4',
41 silly addNameRange     '3.4.0',
41 silly addNameRange     '3.5.0',
41 silly addNameRange     '3.5.1',
41 silly addNameRange     '3.5.2',
41 silly addNameRange     '3.5.5',
41 silly addNameRange     '3.5.6',
41 silly addNameRange     '3.6.0',
41 silly addNameRange     '3.6.1',
41 silly addNameRange     '3.6.2',
41 silly addNameRange     '3.7.0',
41 silly addNameRange     '3.8.0',
41 silly addNameRange     '3.8.1',
41 silly addNameRange     '3.8.2',
41 silly addNameRange     '3.8.3',
41 silly addNameRange     '3.8.4',
41 silly addNameRange     '3.8.5',
41 silly addNameRange     '3.8.6',
41 silly addNameRange     '3.8.7',
41 silly addNameRange     '3.8.8',
41 silly addNameRange     '3.8.9',
41 silly addNameRange     '3.8.10',
41 silly addNameRange     '3.8.11',
41 silly addNameRange     '3.9.0',
41 silly addNameRange     '3.9.1' ] ]
42 silly addNamed gulp@3.9.1
43 verbose addNamed "3.9.1" is a plain semver version for gulp
44 silly cache afterAdd gulp@3.9.1
45 verbose afterAdd C:\Users\Alumnos\AppData\Roaming\npm-cache\gulp\3.9.1\package\package.json not in flight; writing
46 verbose correctMkdir C:\Users\Alumnos\AppData\Roaming\npm-cache correctMkdir not in flight; initializing
47 verbose afterAdd C:\Users\Alumnos\AppData\Roaming\npm-cache\gulp\3.9.1\package\package.json written
48 verbose stack Error: ENOENT: no such file or directory, open 'E:\medicfastv2\-'
48 verbose stack     at Error (native)
49 verbose cwd E:\medicfastv2
50 error Windows_NT 6.3.9600
51 error argv "C:\\Program Files\\nodejs\\node.exe" "C:\\Program Files\\nodejs\\node_modules\\npm\\bin\\npm-cli.js" "install" "-" "gulp"
52 error node v4.6.0
53 error npm  v2.15.9
54 error path E:\medicfastv2\-
55 error code ENOENT
56 error errno -4058
57 error syscall open
58 error enoent ENOENT: no such file or directory, open 'E:\medicfastv2\-'
58 error enoent This is most likely not a problem with npm itself
58 error enoent and is related to npm not being able to find a file.
59 verbose exit [ -4058, true ]
